This file contains any messages produced by compilers while
running configure, to aid debugging if configure makes a mistake.

It was created by openhmd configure 0.3.0, which was
generated by GNU Autoconf 2.69.  Invocation command line was

  $ ./configure --enable-openglexample

## --------- ##
## Platform. ##
## --------- ##

hostname = lanip
uname -m = x86_64
uname -r = 3.10.0-862.3.2.el7.x86_64
uname -s = Linux
uname -v = #1 SMP Mon May 21 23:36:36 UTC 2018

/usr/bin/uname -p = x86_64
/bin/uname -X     = unknown

/bin/arch              = x86_64
/usr/bin/arch -k       = unknown
/usr/convex/getsysinfo = unknown
/usr/bin/hostinfo      = unknown
/bin/machine           = unknown
/usr/bin/oslevel       = unknown
/bin/universe          = unknown

PATH: /usr/lib64/qt-3.3/bin
PATH: /usr/local/bin
PATH: /usr/local/sbin
PATH: /usr/bin
PATH: /usr/sbin
PATH: /bin
PATH: /sbin
PATH: /home/mSparks/.local/bin
PATH: /home/mSparks/bin


## ----------- ##
## Core tests. ##
## ----------- ##

configure:2335: checking for a BSD-compatible install
configure:2403: result: /usr/bin/install -c
configure:2414: checking whether build environment is sane
configure:2469: result: yes
configure:2620: checking for a thread-safe mkdir -p
configure:2659: result: /usr/bin/mkdir -p
configure:2666: checking for gawk
configure:2682: found /usr/bin/gawk
configure:2693: result: gawk
configure:2704: checking whether make sets $(MAKE)
configure:2726: result: yes
configure:2755: checking whether make supports nested variables
configure:2772: result: yes
configure:2868: checking for style of include used by make
configure:2896: result: GNU
configure:2967: checking for gcc
configure:2983: found /usr/local/bin/gcc
configure:2994: result: gcc
configure:3223: checking for C compiler version
configure:3232: gcc --version >&5
gcc (GCC) 5.4.0
Copyright (C) 2015 Free Software Foundation, Inc.
This is free software; see the source for copying conditions.  There is NO
warranty; not even for MERCHANTABILITY or FITNESS FOR A PARTICULAR PURPOSE.

configure:3243: $? = 0
configure:3232: gcc -v >&5
Using built-in specs.
COLLECT_GCC=gcc
COLLECT_LTO_WRAPPER=/usr/local/libexec/gcc/x86_64-unknown-linux-gnu/5.4.0/lto-wrapper
Target: x86_64-unknown-linux-gnu
Configured with: ../gcc-5.4.0/configure --enable-languages=c,c++ --disable-multilib
Thread model: posix
gcc version 5.4.0 (GCC) 
configure:3243: $? = 0
configure:3232: gcc -V >&5
gcc: error: unrecognized command line option '-V'
gcc: fatal error: no input files
compilation terminated.
configure:3243: $? = 1
configure:3232: gcc -qversion >&5
gcc: error: unrecognized command line option '-qversion'
gcc: fatal error: no input files
compilation terminated.
configure:3243: $? = 1
configure:3263: checking whether the C compiler works
configure:3285: gcc    conftest.c  >&5
configure:3289: $? = 0
configure:3337: result: yes
configure:3340: checking for C compiler default output file name
configure:3342: result: a.out
configure:3348: checking for suffix of executables
configure:3355: gcc -o conftest    conftest.c  >&5
configure:3359: $? = 0
configure:3381: result: 
configure:3403: checking whether we are cross compiling
configure:3411: gcc -o conftest    conftest.c  >&5
configure:3415: $? = 0
configure:3422: ./conftest
configure:3426: $? = 0
configure:3441: result: no
configure:3446: checking for suffix of object files
configure:3468: gcc -c   conftest.c >&5
configure:3472: $? = 0
configure:3493: result: o
configure:3497: checking whether we are using the GNU C compiler
configure:3516: gcc -c   conftest.c >&5
configure:3516: $? = 0
configure:3525: result: yes
configure:3534: checking whether gcc accepts -g
configure:3554: gcc -c -g  conftest.c >&5
configure:3554: $? = 0
configure:3595: result: yes
configure:3612: checking for gcc option to accept ISO C89
configure:3675: gcc  -c -g -O2  conftest.c >&5
configure:3675: $? = 0
configure:3688: result: none needed
configure:3710: checking dependency style of gcc
configure:3821: result: gcc3
configure:3886: checking for ar
configure:3902: found /usr/bin/ar
configure:3913: result: ar
configure:3939: checking the archiver (ar) interface
configure:3949: gcc -c -g -O2  conftest.c >&5
configure:3949: $? = 0
configure:3951: ar cru libconftest.a conftest.o >&5
configure:3954: $? = 0
configure:3977: result: ar
configure:4026: checking build system type
configure:4040: result: x86_64-unknown-linux-gnu
configure:4060: checking host system type
configure:4073: result: x86_64-unknown-linux-gnu
configure:4114: checking how to print strings
configure:4141: result: printf
configure:4162: checking for a sed that does not truncate output
configure:4226: result: /usr/bin/sed
configure:4244: checking for grep that handles long lines and -e
configure:4302: result: /usr/bin/grep
configure:4307: checking for egrep
configure:4369: result: /usr/bin/grep -E
configure:4374: checking for fgrep
configure:4436: result: /usr/bin/grep -F
configure:4471: checking for ld used by gcc
configure:4538: result: /usr/bin/ld
configure:4545: checking if the linker (/usr/bin/ld) is GNU ld
configure:4560: result: yes
configure:4572: checking for BSD- or MS-compatible name lister (nm)
configure:4621: result: /usr/bin/nm -B
configure:4751: checking the name lister (/usr/bin/nm -B) interface
configure:4758: gcc -c -g -O2  conftest.c >&5
configure:4761: /usr/bin/nm -B "conftest.o"
configure:4764: output
0000000000000000 B some_variable
configure:4771: result: BSD nm
configure:4774: checking whether ln -s works
configure:4778: result: yes
configure:4786: checking the maximum length of command line arguments
configure:4916: result: 1572864
configure:4933: checking whether the shell understands some XSI constructs
configure:4943: result: yes
configure:4947: checking whether the shell understands "+="
configure:4953: result: yes
configure:4988: checking how to convert x86_64-unknown-linux-gnu file names to x86_64-unknown-linux-gnu format
configure:5028: result: func_convert_file_noop
configure:5035: checking how to convert x86_64-unknown-linux-gnu file names to toolchain format
configure:5055: result: func_convert_file_noop
configure:5062: checking for /usr/bin/ld option to reload object files
configure:5069: result: -r
configure:5143: checking for objdump
configure:5159: found /usr/bin/objdump
configure:5170: result: objdump
configure:5202: checking how to recognize dependent libraries
configure:5404: result: pass_all
configure:5489: checking for dlltool
configure:5519: result: no
configure:5549: checking how to associate runtime and link libraries
configure:5576: result: printf %s\n
configure:5700: checking for archiver @FILE support
configure:5717: gcc -c -g -O2  conftest.c >&5
configure:5717: $? = 0
configure:5720: ar cru libconftest.a @conftest.lst >&5
configure:5723: $? = 0
configure:5728: ar cru libconftest.a @conftest.lst >&5
ar: conftest.o: No such file or directory
configure:5731: $? = 1
configure:5743: result: @
configure:5801: checking for strip
configure:5817: found /usr/bin/strip
configure:5828: result: strip
configure:5900: checking for ranlib
configure:5916: found /usr/bin/ranlib
configure:5927: result: ranlib
configure:6029: checking command to parse /usr/bin/nm -B output from gcc object
configure:6149: gcc -c -g -O2  conftest.c >&5
configure:6152: $? = 0
configure:6156: /usr/bin/nm -B conftest.o \| sed -n -e 's/^.*[ ]\([ABCDGIRSTW][ABCDGIRSTW]*\)[ ][ ]*\([_A-Za-z][_A-Za-z0-9]*\)$/\1 \2 \2/p' | sed '/ __gnu_lto/d' \> conftest.nm
configure:6159: $? = 0
configure:6225: gcc -o conftest -g -O2   conftest.c conftstm.o >&5
configure:6228: $? = 0
configure:6266: result: ok
configure:6303: checking for sysroot
configure:6333: result: no
configure:6410: gcc -c -g -O2  conftest.c >&5
configure:6413: $? = 0
configure:6589: checking for mt
configure:6619: result: no
configure:6639: checking if : is a manifest tool
configure:6645: : '-?'
configure:6653: result: no
configure:7295: checking how to run the C preprocessor
configure:7326: gcc -E  conftest.c
configure:7326: $? = 0
configure:7340: gcc -E  conftest.c
conftest.c:11:28: fatal error: ac_nonexistent.h: No such file or directory
compilation terminated.
configure:7340: $? = 1
configure: failed program was:
| /* confdefs.h */
| #define PACKAGE_NAME "openhmd"
| #define PACKAGE_TARNAME "openhmd"
| #define PACKAGE_VERSION "0.3.0"
| #define PACKAGE_STRING "openhmd 0.3.0"
| #define PACKAGE_BUGREPORT "noname@nurd.de"
| #define PACKAGE_URL ""
| #define PACKAGE "openhmd"
| #define VERSION "0.3.0"
| /* end confdefs.h.  */
| #include <ac_nonexistent.h>
configure:7365: result: gcc -E
configure:7385: gcc -E  conftest.c
configure:7385: $? = 0
configure:7399: gcc -E  conftest.c
conftest.c:11:28: fatal error: ac_nonexistent.h: No such file or directory
compilation terminated.
configure:7399: $? = 1
configure: failed program was:
| /* confdefs.h */
| #define PACKAGE_NAME "openhmd"
| #define PACKAGE_TARNAME "openhmd"
| #define PACKAGE_VERSION "0.3.0"
| #define PACKAGE_STRING "openhmd 0.3.0"
| #define PACKAGE_BUGREPORT "noname@nurd.de"
| #define PACKAGE_URL ""
| #define PACKAGE "openhmd"
| #define VERSION "0.3.0"
| /* end confdefs.h.  */
| #include <ac_nonexistent.h>
configure:7428: checking for ANSI C header files
configure:7448: gcc -c -g -O2  conftest.c >&5
configure:7448: $? = 0
configure:7521: gcc -o conftest -g -O2   conftest.c  >&5
configure:7521: $? = 0
configure:7521: ./conftest
configure:7521: $? = 0
configure:7532: result: yes
configure:7545: checking for sys/types.h
configure:7545: gcc -c -g -O2  conftest.c >&5
configure:7545: $? = 0
configure:7545: result: yes
configure:7545: checking for sys/stat.h
configure:7545: gcc -c -g -O2  conftest.c >&5
configure:7545: $? = 0
configure:7545: result: yes
configure:7545: checking for stdlib.h
configure:7545: gcc -c -g -O2  conftest.c >&5
configure:7545: $? = 0
configure:7545: result: yes
configure:7545: checking for string.h
configure:7545: gcc -c -g -O2  conftest.c >&5
configure:7545: $? = 0
configure:7545: result: yes
configure:7545: checking for memory.h
configure:7545: gcc -c -g -O2  conftest.c >&5
configure:7545: $? = 0
configure:7545: result: yes
configure:7545: checking for strings.h
configure:7545: gcc -c -g -O2  conftest.c >&5
configure:7545: $? = 0
configure:7545: result: yes
configure:7545: checking for inttypes.h
configure:7545: gcc -c -g -O2  conftest.c >&5
configure:7545: $? = 0
configure:7545: result: yes
configure:7545: checking for stdint.h
configure:7545: gcc -c -g -O2  conftest.c >&5
configure:7545: $? = 0
configure:7545: result: yes
configure:7545: checking for unistd.h
configure:7545: gcc -c -g -O2  conftest.c >&5
configure:7545: $? = 0
configure:7545: result: yes
configure:7559: checking for dlfcn.h
configure:7559: gcc -c -g -O2  conftest.c >&5
configure:7559: $? = 0
configure:7559: result: yes
configure:7765: checking for objdir
configure:7780: result: .libs
configure:8047: checking if gcc supports -fno-rtti -fno-exceptions
configure:8065: gcc -c -g -O2  -fno-rtti -fno-exceptions conftest.c >&5
cc1: warning: command line option '-fno-rtti' is valid for C++/ObjC++ but not for C
configure:8069: $? = 0
configure:8082: result: no
configure:8409: checking for gcc option to produce PIC
configure:8416: result: -fPIC -DPIC
configure:8424: checking if gcc PIC flag -fPIC -DPIC works
configure:8442: gcc -c -g -O2  -fPIC -DPIC -DPIC conftest.c >&5
configure:8446: $? = 0
configure:8459: result: yes
configure:8488: checking if gcc static flag -static works
configure:8516: result: yes
configure:8531: checking if gcc supports -c -o file.o
configure:8552: gcc -c -g -O2  -o out/conftest2.o conftest.c >&5
configure:8556: $? = 0
configure:8578: result: yes
configure:8586: checking if gcc supports -c -o file.o
configure:8633: result: yes
configure:8666: checking whether the gcc linker (/usr/bin/ld -m elf_x86_64) supports shared libraries
configure:9819: result: yes
configure:9856: checking whether -lc should be explicitly linked in
configure:9864: gcc -c -g -O2  conftest.c >&5
configure:9867: $? = 0
configure:9882: gcc -shared  -fPIC -DPIC conftest.o  -v -Wl,-soname -Wl,conftest -o conftest 2\>\&1 \| /usr/bin/grep  -lc  \>/dev/null 2\>\&1
configure:9885: $? = 0
configure:9899: result: no
configure:10059: checking dynamic linker characteristics
configure:10570: gcc -o conftest -g -O2   -Wl,-rpath -Wl,/foo conftest.c  >&5
configure:10570: $? = 0
configure:10796: result: GNU/Linux ld.so
configure:10903: checking how to hardcode library paths into programs
configure:10928: result: immediate
configure:11468: checking whether stripping libraries is possible
configure:11473: result: yes
configure:11508: checking if libtool supports shared libraries
configure:11510: result: yes
configure:11513: checking whether to build shared libraries
configure:11534: result: yes
configure:11537: checking whether to build static libraries
configure:11541: result: yes
configure:11641: checking for pkg-config
configure:11659: found /usr/bin/pkg-config
configure:11671: result: /usr/bin/pkg-config
configure:11696: checking pkg-config is at least version 0.24
configure:11699: result: yes
configure:11719: checking whether make supports nested variables
configure:11736: result: yes
configure:11758: checking operating system
configure:11767: result: x86_64-unknown-linux-gnu (Linux)
configure:11955: checking for hidapi
configure:11962: $PKG_CONFIG --exists --print-errors "$hidapi >= 0.0.5"
configure:11965: $? = 0
configure:11979: $PKG_CONFIG --exists --print-errors "$hidapi >= 0.0.5"
configure:11982: $? = 0
configure:12040: result: yes
configure:12050: checking for hidapi
configure:12135: result: yes
configure:12145: checking for hidapi
configure:12230: result: yes
configure:12240: checking for hidapi
configure:12325: result: yes
configure:12335: checking for hidapi
configure:12420: result: yes
configure:12430: checking for hidapi
configure:12515: result: yes
configure:12544: checking for sdl2
configure:12551: $PKG_CONFIG --exists --print-errors "sdl2"
configure:12554: $? = 0
configure:12568: $PKG_CONFIG --exists --print-errors "sdl2"
configure:12571: $? = 0
configure:12629: result: yes
configure:12637: checking for GL
configure:12644: $PKG_CONFIG --exists --print-errors "gl"
configure:12647: $? = 0
configure:12661: $PKG_CONFIG --exists --print-errors "gl"
configure:12664: $? = 0
configure:12892: result: yes
configure:12902: checking for GLEW
configure:12909: $PKG_CONFIG --exists --print-errors "glew"
configure:12912: $? = 0
configure:12926: $PKG_CONFIG --exists --print-errors "glew"
configure:12929: $? = 0
configure:12985: result: yes
configure:13043: checking for gcc
configure:13070: result: gcc
configure:13299: checking for C compiler version
configure:13308: gcc --version >&5
gcc (GCC) 5.4.0
Copyright (C) 2015 Free Software Foundation, Inc.
This is free software; see the source for copying conditions.  There is NO
warranty; not even for MERCHANTABILITY or FITNESS FOR A PARTICULAR PURPOSE.

configure:13319: $? = 0
configure:13308: gcc -v >&5
Using built-in specs.
COLLECT_GCC=gcc
COLLECT_LTO_WRAPPER=/usr/local/libexec/gcc/x86_64-unknown-linux-gnu/5.4.0/lto-wrapper
Target: x86_64-unknown-linux-gnu
Configured with: ../gcc-5.4.0/configure --enable-languages=c,c++ --disable-multilib
Thread model: posix
gcc version 5.4.0 (GCC) 
configure:13319: $? = 0
configure:13308: gcc -V >&5
gcc: error: unrecognized command line option '-V'
gcc: fatal error: no input files
compilation terminated.
configure:13319: $? = 1
configure:13308: gcc -qversion >&5
gcc: error: unrecognized command line option '-qversion'
gcc: fatal error: no input files
compilation terminated.
configure:13319: $? = 1
configure:13323: checking whether we are using the GNU C compiler
configure:13351: result: yes
configure:13360: checking whether gcc accepts -g
configure:13421: result: yes
configure:13438: checking for gcc option to accept ISO C89
configure:13514: result: none needed
configure:13536: checking dependency style of gcc
configure:13647: result: gcc3
configure:13662: checking for gcc option to accept ISO C99
configure:13811: gcc  -c -g -O2  conftest.c >&5
configure:13811: $? = 0
configure:13824: result: none needed
configure:13953: checking that generated files are newer than configure
configure:13959: result: done
configure:14026: creating ./config.status

## ---------------------- ##
## Running config.status. ##
## ---------------------- ##

This file was extended by openhmd config.status 0.3.0, which was
generated by GNU Autoconf 2.69.  Invocation command line was

  CONFIG_FILES    = 
  CONFIG_HEADERS  = 
  CONFIG_LINKS    = 
  CONFIG_COMMANDS = 
  $ ./config.status 

on lanip

config.status:1123: creating Makefile
config.status:1123: creating src/Makefile
config.status:1123: creating tests/Makefile
config.status:1123: creating tests/unittests/Makefile
config.status:1123: creating examples/Makefile
config.status:1123: creating examples/opengl/Makefile
config.status:1123: creating examples/simple/Makefile
config.status:1123: creating pkg-config/openhmd.pc
config.status:1123: creating config.h
config.status:1304: config.h is unchanged
config.status:1352: executing depfiles commands
config.status:1352: executing libtool commands

## ---------------- ##
## Cache variables. ##
## ---------------- ##

ac_cv_build=x86_64-unknown-linux-gnu
ac_cv_c_compiler_gnu=yes
ac_cv_env_CC_set=
ac_cv_env_CC_value=
ac_cv_env_CFLAGS_set=
ac_cv_env_CFLAGS_value=
ac_cv_env_CPPFLAGS_set=
ac_cv_env_CPPFLAGS_value=
ac_cv_env_CPP_set=
ac_cv_env_CPP_value=
ac_cv_env_GLEW_CFLAGS_set=
ac_cv_env_GLEW_CFLAGS_value=
ac_cv_env_GLEW_LIBS_set=
ac_cv_env_GLEW_LIBS_value=
ac_cv_env_GL_CFLAGS_set=
ac_cv_env_GL_CFLAGS_value=
ac_cv_env_GL_LIBS_set=
ac_cv_env_GL_LIBS_value=
ac_cv_env_LDFLAGS_set=
ac_cv_env_LDFLAGS_value=
ac_cv_env_LIBS_set=
ac_cv_env_LIBS_value=
ac_cv_env_PKG_CONFIG_LIBDIR_set=
ac_cv_env_PKG_CONFIG_LIBDIR_value=
ac_cv_env_PKG_CONFIG_PATH_set=
ac_cv_env_PKG_CONFIG_PATH_value=
ac_cv_env_PKG_CONFIG_set=
ac_cv_env_PKG_CONFIG_value=
ac_cv_env_build_alias_set=
ac_cv_env_build_alias_value=
ac_cv_env_hidapi_CFLAGS_set=
ac_cv_env_hidapi_CFLAGS_value=
ac_cv_env_hidapi_LIBS_set=
ac_cv_env_hidapi_LIBS_value=
ac_cv_env_host_alias_set=
ac_cv_env_host_alias_value=
ac_cv_env_sdl2_CFLAGS_set=
ac_cv_env_sdl2_CFLAGS_value=
ac_cv_env_sdl2_LIBS_set=
ac_cv_env_sdl2_LIBS_value=
ac_cv_env_target_alias_set=
ac_cv_env_target_alias_value=
ac_cv_header_dlfcn_h=yes
ac_cv_header_inttypes_h=yes
ac_cv_header_memory_h=yes
ac_cv_header_stdc=yes
ac_cv_header_stdint_h=yes
ac_cv_header_stdlib_h=yes
ac_cv_header_string_h=yes
ac_cv_header_strings_h=yes
ac_cv_header_sys_stat_h=yes
ac_cv_header_sys_types_h=yes
ac_cv_header_unistd_h=yes
ac_cv_host=x86_64-unknown-linux-gnu
ac_cv_objext=o
ac_cv_path_EGREP='/usr/bin/grep -E'
ac_cv_path_FGREP='/usr/bin/grep -F'
ac_cv_path_GREP=/usr/bin/grep
ac_cv_path_SED=/usr/bin/sed
ac_cv_path_ac_pt_PKG_CONFIG=/usr/bin/pkg-config
ac_cv_path_install='/usr/bin/install -c'
ac_cv_path_mkdir=/usr/bin/mkdir
ac_cv_prog_AWK=gawk
ac_cv_prog_CPP='gcc -E'
ac_cv_prog_ac_ct_AR=ar
ac_cv_prog_ac_ct_CC=gcc
ac_cv_prog_ac_ct_OBJDUMP=objdump
ac_cv_prog_ac_ct_RANLIB=ranlib
ac_cv_prog_ac_ct_STRIP=strip
ac_cv_prog_cc_c89=
ac_cv_prog_cc_c99=
ac_cv_prog_cc_g=yes
ac_cv_prog_make_make_set=yes
am_cv_CC_dependencies_compiler_type=gcc3
am_cv_ar_interface=ar
am_cv_make_support_nested_variables=yes
lt_cv_ar_at_file=@
lt_cv_archive_cmds_need_lc=no
lt_cv_deplibs_check_method=pass_all
lt_cv_file_magic_cmd='$MAGIC_CMD'
lt_cv_file_magic_test_file=
lt_cv_ld_reload_flag=-r
lt_cv_nm_interface='BSD nm'
lt_cv_objdir=.libs
lt_cv_path_LD=/usr/bin/ld
lt_cv_path_NM='/usr/bin/nm -B'
lt_cv_path_mainfest_tool=no
lt_cv_prog_compiler_c_o=yes
lt_cv_prog_compiler_pic='-fPIC -DPIC'
lt_cv_prog_compiler_pic_works=yes
lt_cv_prog_compiler_rtti_exceptions=no
lt_cv_prog_compiler_static_works=yes
lt_cv_prog_gnu_ld=yes
lt_cv_sharedlib_from_linklib_cmd='printf %s\n'
lt_cv_shlibpath_overrides_runpath=no
lt_cv_sys_global_symbol_pipe='sed -n -e '\''s/^.*[	 ]\([ABCDGIRSTW][ABCDGIRSTW]*\)[	 ][	 ]*\([_A-Za-z][_A-Za-z0-9]*\)$/\1 \2 \2/p'\'' | sed '\''/ __gnu_lto/d'\'''
lt_cv_sys_global_symbol_to_c_name_address='sed -n -e '\''s/^: \([^ ]*\)[ ]*$/  {\"\1\", (void *) 0},/p'\'' -e '\''s/^[ABCDGIRSTW]* \([^ ]*\) \([^ ]*\)$/  {"\2", (void *) \&\2},/p'\'''
lt_cv_sys_global_symbol_to_c_name_address_lib_prefix='sed -n -e '\''s/^: \([^ ]*\)[ ]*$/  {\"\1\", (void *) 0},/p'\'' -e '\''s/^[ABCDGIRSTW]* \([^ ]*\) \(lib[^ ]*\)$/  {"\2", (void *) \&\2},/p'\'' -e '\''s/^[ABCDGIRSTW]* \([^ ]*\) \([^ ]*\)$/  {"lib\2", (void *) \&\2},/p'\'''
lt_cv_sys_global_symbol_to_cdecl='sed -n -e '\''s/^T .* \(.*\)$/extern int \1();/p'\'' -e '\''s/^[ABCDGIRSTW]* .* \(.*\)$/extern char \1;/p'\'''
lt_cv_sys_max_cmd_len=1572864
lt_cv_to_host_file_cmd=func_convert_file_noop
lt_cv_to_tool_file_cmd=func_convert_file_noop
pkg_cv_GLEW_CFLAGS='-I/usr/include/GL -I/usr/include/libdrm  '
pkg_cv_GLEW_LIBS='-lGLEW -lGLU -lGL  '
pkg_cv_GL_CFLAGS='-I/usr/include/libdrm  '
pkg_cv_GL_LIBS='-lGL  '
pkg_cv_hidapi_CFLAGS='-I/usr/include/hidapi  '
pkg_cv_hidapi_LIBS='-lhidapi-libusb  '
pkg_cv_sdl2_CFLAGS='-D_REENTRANT -I/usr/include/SDL2  '
pkg_cv_sdl2_LIBS='-lSDL2  '

## ----------------- ##
## Output variables. ##
## ----------------- ##

ACLOCAL='${SHELL} /media/storage/openhmd/missing aclocal-1.13'
AMDEPBACKSLASH='\'
AMDEP_FALSE='#'
AMDEP_TRUE=''
AMTAR='$${TAR-tar}'
AM_BACKSLASH='\'
AM_DEFAULT_V='$(AM_DEFAULT_VERBOSITY)'
AM_DEFAULT_VERBOSITY='0'
AM_V='$(V)'
AR='ar'
AUTOCONF='${SHELL} /media/storage/openhmd/missing autoconf'
AUTOHEADER='${SHELL} /media/storage/openhmd/missing autoheader'
AUTOMAKE='${SHELL} /media/storage/openhmd/missing automake-1.13'
AWK='gawk'
BUILD_DRIVER_ANDROID_FALSE=''
BUILD_DRIVER_ANDROID_TRUE='#'
BUILD_DRIVER_DEEPOON_FALSE='#'
BUILD_DRIVER_DEEPOON_TRUE=''
BUILD_DRIVER_EXTERNAL_FALSE='#'
BUILD_DRIVER_EXTERNAL_TRUE=''
BUILD_DRIVER_HTC_VIVE_FALSE='#'
BUILD_DRIVER_HTC_VIVE_TRUE=''
BUILD_DRIVER_NOLO_FALSE='#'
BUILD_DRIVER_NOLO_TRUE=''
BUILD_DRIVER_OCULUS_RIFT_FALSE='#'
BUILD_DRIVER_OCULUS_RIFT_TRUE=''
BUILD_DRIVER_PSVR_FALSE='#'
BUILD_DRIVER_PSVR_TRUE=''
BUILD_DRIVER_WMR_FALSE='#'
BUILD_DRIVER_WMR_TRUE=''
BUILD_DRIVER_XGVR_FALSE='#'
BUILD_DRIVER_XGVR_TRUE=''
BUILD_OPENGL_EXAMPLE_FALSE='#'
BUILD_OPENGL_EXAMPLE_TRUE=''
CC='gcc'
CCDEPMODE='depmode=gcc3'
CFLAGS='-g -O2'
CPP='gcc -E'
CPPFLAGS=''
CYGPATH_W='echo'
DEFS='-DHAVE_CONFIG_H'
DEPDIR='.deps'
DLLTOOL='false'
DSYMUTIL=''
DUMPBIN=''
ECHO_C=''
ECHO_N='-n'
ECHO_T=''
EGREP='/usr/bin/grep -E'
EXEEXT=''
EXTRA_LD_FLAGS='-lrt -lpthread -lm'
FGREP='/usr/bin/grep -F'
GLEW_CFLAGS='-I/usr/include/GL -I/usr/include/libdrm  '
GLEW_LIBS='-lGLEW -lGLU -lGL  '
GL_CFLAGS='-I/usr/include/libdrm  '
GL_LIBS='-lGL  '
GREP='/usr/bin/grep'
INSTALL_DATA='${INSTALL} -m 644'
INSTALL_PROGRAM='${INSTALL}'
INSTALL_SCRIPT='${INSTALL}'
INSTALL_STRIP_PROGRAM='$(install_sh) -c -s'
LD='/usr/bin/ld -m elf_x86_64'
LDFLAGS=''
LIBOBJS=''
LIBS=''
LIBTOOL='$(SHELL) $(top_builddir)/libtool'
LIPO=''
LN_S='ln -s'
LTLIBOBJS=''
LT_VERSION='1:0:1'
MAKEINFO='${SHELL} /media/storage/openhmd/missing makeinfo'
MANIFEST_TOOL=':'
MKDIR_P='/usr/bin/mkdir -p'
NM='/usr/bin/nm -B'
NMEDIT=''
OBJDUMP='objdump'
OBJEXT='o'
OTOOL64=''
OTOOL=''
PACKAGE='openhmd'
PACKAGE_BUGREPORT='noname@nurd.de'
PACKAGE_NAME='openhmd'
PACKAGE_STRING='openhmd 0.3.0'
PACKAGE_TARNAME='openhmd'
PACKAGE_URL=''
PACKAGE_VERSION='0.3.0'
PATH_SEPARATOR=':'
PKG_CONFIG='/usr/bin/pkg-config'
PKG_CONFIG_EXTRA_PATH=''
PKG_CONFIG_LIBDIR=''
PKG_CONFIG_PATH=''
RANLIB='ranlib'
SED='/usr/bin/sed'
SET_MAKE=''
SHELL='/bin/sh'
STRIP='strip'
VERSION='0.3.0'
ac_ct_AR='ar'
ac_ct_CC='gcc'
ac_ct_DUMPBIN=''
am__EXEEXT_FALSE=''
am__EXEEXT_TRUE='#'
am__fastdepCC_FALSE='#'
am__fastdepCC_TRUE=''
am__include='include'
am__isrc=''
am__leading_dot='.'
am__nodep='_no'
am__quote=''
am__tar='$${TAR-tar} chof - "$$tardir"'
am__untar='$${TAR-tar} xf -'
bindir='${exec_prefix}/bin'
build='x86_64-unknown-linux-gnu'
build_alias=''
build_cpu='x86_64'
build_os='linux-gnu'
build_vendor='unknown'
datadir='${datarootdir}'
datarootdir='${prefix}/share'
deps_ld_flags='-lhidapi-libusb'
docdir='${datarootdir}/doc/${PACKAGE_TARNAME}'
dvidir='${docdir}'
exec_prefix='${prefix}'
hidapi='hidapi-libusb'
hidapi_CFLAGS='-I/usr/include/hidapi  '
hidapi_LIBS='-lhidapi-libusb  '
host='x86_64-unknown-linux-gnu'
host_alias=''
host_cpu='x86_64'
host_os='linux-gnu'
host_vendor='unknown'
htmldir='${docdir}'
includedir='${prefix}/include'
infodir='${datarootdir}/info'
install_sh='${SHELL} /media/storage/openhmd/install-sh'
libdir='${exec_prefix}/lib'
libexecdir='${exec_prefix}/libexec'
localedir='${datarootdir}/locale'
localstatedir='${prefix}/var'
mandir='${datarootdir}/man'
mkdir_p='$(MKDIR_P)'
oldincludedir='/usr/include'
pdfdir='${docdir}'
prefix='/usr/local'
program_transform_name='s,x,x,'
psdir='${docdir}'
sbindir='${exec_prefix}/sbin'
sdl2_CFLAGS='-D_REENTRANT -I/usr/include/SDL2  '
sdl2_LIBS='-lSDL2  '
sharedstatedir='${prefix}/com'
sysconfdir='${prefix}/etc'
target_alias=''

## ----------- ##
## confdefs.h. ##
## ----------- ##

/* confdefs.h */
#define PACKAGE_NAME "openhmd"
#define PACKAGE_TARNAME "openhmd"
#define PACKAGE_VERSION "0.3.0"
#define PACKAGE_STRING "openhmd 0.3.0"
#define PACKAGE_BUGREPORT "noname@nurd.de"
#define PACKAGE_URL ""
#define PACKAGE "openhmd"
#define VERSION "0.3.0"
#define STDC_HEADERS 1
#define HAVE_SYS_TYPES_H 1
#define HAVE_SYS_STAT_H 1
#define HAVE_STDLIB_H 1
#define HAVE_STRING_H 1
#define HAVE_MEMORY_H 1
#define HAVE_STRINGS_H 1
#define HAVE_INTTYPES_H 1
#define HAVE_STDINT_H 1
#define HAVE_UNISTD_H 1
#define HAVE_DLFCN_H 1
#define LT_OBJDIR ".libs/"

configure: exit 0
