Determining if the pthread_create exist failed with the following output:
Change Dir: /media/storage/openhmd/OpenHMD-master/CMakeFiles/CMakeTmp

Run Build Command:/usr/bin/gmake "cmTryCompileExec2417288225/fast"
/usr/bin/gmake -f CMakeFiles/cmTryCompileExec2417288225.dir/build.make CMakeFiles/cmTryCompileExec2417288225.dir/build
gmake[1]: Entering directory `/media/storage/openhmd/OpenHMD-master/CMakeFiles/CMakeTmp'
/usr/bin/cmake -E cmake_progress_report /media/storage/openhmd/OpenHMD-master/CMakeFiles/CMakeTmp/CMakeFiles 1
Building C object CMakeFiles/cmTryCompileExec2417288225.dir/CheckSymbolExists.c.o
/usr/bin/cc   -std=c99  -fPIE   -o CMakeFiles/cmTryCompileExec2417288225.dir/CheckSymbolExists.c.o   -c /media/storage/openhmd/OpenHMD-master/CMakeFiles/CMakeTmp/CheckSymbolExists.c
Linking C executable cmTryCompileExec2417288225
/usr/bin/cmake -E cmake_link_script CMakeFiles/cmTryCompileExec2417288225.dir/link.txt --verbose=1
/usr/bin/cc  -std=c99     CMakeFiles/cmTryCompileExec2417288225.dir/CheckSymbolExists.c.o  -o cmTryCompileExec2417288225 -rdynamic 
CMakeFiles/cmTryCompileExec2417288225.dir/CheckSymbolExists.c.o: In function `main':
CheckSymbolExists.c:(.text+0x1b): undefined reference to `pthread_create'
collect2: error: ld returned 1 exit status
gmake[1]: Leaving directory `/media/storage/openhmd/OpenHMD-master/CMakeFiles/CMakeTmp'
gmake[1]: *** [cmTryCompileExec2417288225] Error 1
gmake: *** [cmTryCompileExec2417288225/fast] Error 2

File /media/storage/openhmd/OpenHMD-master/CMakeFiles/CMakeTmp/CheckSymbolExists.c:
/* */
#include <pthread.h>

int main(int argc, char** argv)
{
  (void)argv;
#ifndef pthread_create
  return ((int*)(&pthread_create))[argc];
#else
  (void)argc;
  return 0;
#endif
}

Determining if the function pthread_create exists in the pthreads failed with the following output:
Change Dir: /media/storage/openhmd/OpenHMD-master/CMakeFiles/CMakeTmp

Run Build Command:/usr/bin/gmake "cmTryCompileExec3011160357/fast"
/usr/bin/gmake -f CMakeFiles/cmTryCompileExec3011160357.dir/build.make CMakeFiles/cmTryCompileExec3011160357.dir/build
gmake[1]: Entering directory `/media/storage/openhmd/OpenHMD-master/CMakeFiles/CMakeTmp'
/usr/bin/cmake -E cmake_progress_report /media/storage/openhmd/OpenHMD-master/CMakeFiles/CMakeTmp/CMakeFiles 1
Building C object CMakeFiles/cmTryCompileExec3011160357.dir/CheckFunctionExists.c.o
/usr/bin/cc   -std=c99 -DCHECK_FUNCTION_EXISTS=pthread_create -fPIE   -o CMakeFiles/cmTryCompileExec3011160357.dir/CheckFunctionExists.c.o   -c /usr/share/cmake/Modules/CheckFunctionExists.c
Linking C executable cmTryCompileExec3011160357
/usr/bin/cmake -E cmake_link_script CMakeFiles/cmTryCompileExec3011160357.dir/link.txt --verbose=1
/usr/bin/cc  -std=c99 -DCHECK_FUNCTION_EXISTS=pthread_create    CMakeFiles/cmTryCompileExec3011160357.dir/CheckFunctionExists.c.o  -o cmTryCompileExec3011160357 -rdynamic -lpthreads 
/usr/bin/ld: cannot find -lpthreads
collect2: error: ld returned 1 exit status
gmake[1]: *** [cmTryCompileExec3011160357] Error 1
gmake[1]: Leaving directory `/media/storage/openhmd/OpenHMD-master/CMakeFiles/CMakeTmp'
gmake: *** [cmTryCompileExec3011160357/fast] Error 2


